[2025-10-17T19:40:57.640+0000] {local_task_job_runner.py:123} INFO - ::group::Pre task execution logs
[2025-10-17T19:40:57.648+0000] {taskinstance.py:2613} INFO - Dependencies all met for dep_context=non-requeueable deps ti=<TaskInstance: data_pipeline.prepare_dirs manual__2025-10-17T19:40:57.388782+00:00 [queued]>
[2025-10-17T19:40:57.651+0000] {taskinstance.py:2613} INFO - Dependencies all met for dep_context=requeueable deps ti=<TaskInstance: data_pipeline.prepare_dirs manual__2025-10-17T19:40:57.388782+00:00 [queued]>
[2025-10-17T19:40:57.651+0000] {taskinstance.py:2866} INFO - Starting attempt 1 of 1
[2025-10-17T19:40:57.655+0000] {taskinstance.py:2889} INFO - Executing <Task(PythonOperator): prepare_dirs> on 2025-10-17 19:40:57.388782+00:00
[2025-10-17T19:40:57.656+0000] {standard_task_runner.py:72} INFO - Started process 402 to run task
[2025-10-17T19:40:57.658+0000] {standard_task_runner.py:104} INFO - Running: ['***', 'tasks', 'run', 'data_pipeline', 'prepare_dirs', 'manual__2025-10-17T19:40:57.388782+00:00', '--job-id', '4', '--raw', '--subdir', 'DAGS_FOLDER/data_pipeline.py', '--cfg-path', '/tmp/tmpyt7j_zyc']
[2025-10-17T19:40:57.659+0000] {standard_task_runner.py:105} INFO - Job 4: Subtask prepare_dirs
[2025-10-17T19:40:57.682+0000] {task_command.py:467} INFO - Running <TaskInstance: data_pipeline.prepare_dirs manual__2025-10-17T19:40:57.388782+00:00 [running]> on host 161f5a2f5c62
[2025-10-17T19:40:57.716+0000] {taskinstance.py:3132} INFO - Exporting env vars: AIRFLOW_CTX_DAG_OWNER='demo' AIRFLOW_CTX_DAG_ID='data_pipeline' AIRFLOW_CTX_TASK_ID='prepare_dirs' AIRFLOW_CTX_EXECUTION_DATE='2025-10-17T19:40:57.388782+00:00' AIRFLOW_CTX_TRY_NUMBER='1' AIRFLOW_CTX_DAG_RUN_ID='manual__2025-10-17T19:40:57.388782+00:00'
[2025-10-17T19:40:57.716+0000] {taskinstance.py:731} INFO - ::endgroup::
[2025-10-17T19:40:57.723+0000] {logging_mixin.py:190} INFO - [prepare_dirs] uid/gid: 50000 0
[2025-10-17T19:40:57.723+0000] {logging_mixin.py:190} INFO - [prepare_dirs] cwd: /opt/***
[2025-10-17T19:40:57.724+0000] {logging_mixin.py:190} INFO - [prepare_dirs] ensured & wrote: /opt/***/data/bronze/_write_test
[2025-10-17T19:40:57.724+0000] {logging_mixin.py:190} INFO - [prepare_dirs] ensured & wrote: /opt/***/data/silver/_write_test
[2025-10-17T19:40:57.725+0000] {logging_mixin.py:190} INFO - [prepare_dirs] ensured & wrote: /opt/***/data/gold/_write_test
[2025-10-17T19:40:57.725+0000] {logging_mixin.py:190} INFO - [prepare_dirs] ensured & wrote: /opt/***/logs/_write_test
[2025-10-17T19:40:57.726+0000] {logging_mixin.py:190} INFO - [prepare_dirs] done
[2025-10-17T19:40:57.726+0000] {python.py:240} INFO - Done. Returned value was: None
[2025-10-17T19:40:57.731+0000] {taskinstance.py:340} INFO - ::group::Post task execution logs
[2025-10-17T19:40:57.731+0000] {taskinstance.py:352} INFO - Marking task as SUCCESS. dag_id=data_pipeline, task_id=prepare_dirs, run_id=manual__2025-10-17T19:40:57.388782+00:00, execution_date=20251017T194057, start_date=20251017T194057, end_date=20251017T194057
[2025-10-17T19:40:57.764+0000] {local_task_job_runner.py:266} INFO - Task exited with return code 0
[2025-10-17T19:40:57.777+0000] {taskinstance.py:3895} INFO - 1 downstream tasks scheduled from follow-on schedule check
[2025-10-17T19:40:57.778+0000] {local_task_job_runner.py:245} INFO - ::endgroup::
